<?xml version="1.0" encoding="UTF-8"?>
<testsuite name="test_get_vaccine_date_tests.TestGetVaccineDate-20220523162022" tests="3" file="test_get_vaccine_date_tests.py" time="0.420" timestamp="2022-05-23T16:20:26" failures="0" errors="0" skipped="0">
	<testcase classname="test_get_vaccine_date_tests.TestGetVaccineDate" name="test_get_vaccine_date_no_ok_data_manipulated" time="0.003" timestamp="2022-05-23T16:20:26"/>
	<testcase classname="test_get_vaccine_date_tests.TestGetVaccineDate" name="test_get_vaccine_date_no_ok_parameter" time="0.412" timestamp="2022-05-23T16:20:26"/>
	<testcase classname="test_get_vaccine_date_tests.TestGetVaccineDate" name="test_get_vaccine_date_ok" time="0.005" timestamp="2022-05-23T16:20:26"/>
</testsuite>
