<?xml version="1.0" encoding="UTF-8"?>
<testsuite name="test_get_vaccine_date_tests.TestGetVaccineDate-20220523162026" tests="3" file="test_get_vaccine_date_tests.py" time="0.462" timestamp="2022-05-23T16:20:30" failures="0" errors="0" skipped="0">
	<testcase classname="test_get_vaccine_date_tests.TestGetVaccineDate" name="test_get_vaccine_date_no_ok_data_manipulated" time="0.002" timestamp="2022-05-23T16:20:30"/>
	<testcase classname="test_get_vaccine_date_tests.TestGetVaccineDate" name="test_get_vaccine_date_no_ok_parameter" time="0.454" timestamp="2022-05-23T16:20:30"/>
	<testcase classname="test_get_vaccine_date_tests.TestGetVaccineDate" name="test_get_vaccine_date_ok" time="0.006" timestamp="2022-05-23T16:20:30"/>
</testsuite>
